<?xml version="1.0" encoding="UTF-8"?>
<!-- Generated by org.testng.reporters.JUnitXMLReporter -->
<testsuite ignored="0" hostname="LAPTOP-I8P5TER3" failures="0" tests="2" name="Step 1 - Register User" time="38.053" errors="0" timestamp="2025-03-21T19:21:35 IST">
  <testcase classname="io.cucumber.testng.AbstractTestNGCucumberTests" name="runScenario" time="26.759"/>
  <testcase classname="io.cucumber.testng.AbstractTestNGCucumberTests" name="runScenario" time="10.276"/>
</testsuite> <!-- Step 1 - Register User -->
